<?xml version="1.0" encoding="UTF-8"?>
<testng-results ignored="0" total="1" passed="1" failed="0" skipped="0">
  <reporter-output>
  </reporter-output>
  <suite started-at="2025-08-31T14:32:52 CDT" name="Default suite" finished-at="2025-08-31T14:33:31 CDT" duration-ms="39401">
    <groups>
    </groups>
    <test started-at="2025-08-31T14:32:52 CDT" name="Default test" finished-at="2025-08-31T14:33:31 CDT" duration-ms="39401">
      <class name="uiBank.Runner">
        <test-method signature="login()[pri:0, instance:uiBank.Runner@1fe20588]" started-at="2025-08-31T14:32:52 CDT" name="login" finished-at="2025-08-31T14:33:31 CDT" duration-ms="39390" status="PASS">
          <reporter-output>
          </reporter-output>
        </test-method> <!-- login -->
      </class> <!-- uiBank.Runner -->
    </test> <!-- Default test -->
  </suite> <!-- Default suite -->
</testng-results>
